<?xml version="1.0" encoding="UTF-8"?>
<!-- Generated by org.testng.reporters.JUnitXMLReporter -->
<testsuite hostname="EC2AMAZ-J5GP1U8" ignored="0" name="Test" tests="4" failures="0" timestamp="2022-12-06T11:12:49 UTC" time="0.216" errors="0">
  <testcase name="testcase1" time="0.021" classname="task3.TestingClass1"/>
  <testcase name="testcase2" time="0.003" classname="task3.TestingClass1"/>
  <testcase name="testcase1" time="0.004" classname="task3.TestingClass2"/>
  <testcase name="testcase2" time="0.003" classname="task3.TestingClass2"/>
</testsuite> <!-- Test -->
