<?xml version="1.0" encoding="UTF-8"?>
<!-- Generated by org.testng.reporters.JUnitXMLReporter -->
<testsuite hostname="EC2AMAZ-J5GP1U8" ignored="0" name="Default test" tests="3" failures="0" timestamp="2022-12-07T05:25:23 UTC" time="18.683" errors="0">
  <testcase name="loginToApplication" time="1.415" classname="task8.DataProviderExample"/>
  <testcase name="loginToApplication" time="1.467" classname="task8.DataProviderExample"/>
  <testcase name="loginToApplication" time="2.379" classname="task8.DataProviderExample"/>
</testsuite> <!-- Default test -->
